Performing C SOURCE FILE Test CMAKE_HAVE_LIBC_PTHREAD failed with the following output:
Change Dir: /home/felix/Dokumente/GitHub/ObjectTracking/cmake-build-debug/CMakeFiles/CMakeTmp

Run Build Command(s):/usr/bin/make -f Makefile cmTC_f82ed/fast && /usr/bin/make  -f CMakeFiles/cmTC_f82ed.dir/build.make CMakeFiles/cmTC_f82ed.dir/build
make[1]: Verzeichnis „/home/felix/Dokumente/GitHub/ObjectTracking/cmake-build-debug/CMakeFiles/CMakeTmp“ wird betreten
Building C object CMakeFiles/cmTC_f82ed.dir/src.c.o
/usr/bin/cc -DCMAKE_HAVE_LIBC_PTHREAD   -o CMakeFiles/cmTC_f82ed.dir/src.c.o -c /home/felix/Dokumente/GitHub/ObjectTracking/cmake-build-debug/CMakeFiles/CMakeTmp/src.c
Linking C executable cmTC_f82ed
/home/felix/.local/share/JetBrains/Toolbox/apps/CLion/ch-0/213.6777.58/bin/cmake/linux/bin/cmake -E cmake_link_script CMakeFiles/cmTC_f82ed.dir/link.txt --verbose=1
/usr/bin/cc CMakeFiles/cmTC_f82ed.dir/src.c.o -o cmTC_f82ed 
/usr/bin/ld: CMakeFiles/cmTC_f82ed.dir/src.c.o: in function `main':
src.c:(.text+0x3e): undefined reference to `pthread_create'
/usr/bin/ld: src.c:(.text+0x4a): undefined reference to `pthread_detach'
/usr/bin/ld: src.c:(.text+0x56): undefined reference to `pthread_cancel'
/usr/bin/ld: src.c:(.text+0x67): undefined reference to `pthread_join'
collect2: Fehler: ld gab 1 als Ende-Status zurück
make[1]: *** [CMakeFiles/cmTC_f82ed.dir/build.make:99: cmTC_f82ed] Fehler 1
make[1]: Verzeichnis „/home/felix/Dokumente/GitHub/ObjectTracking/cmake-build-debug/CMakeFiles/CMakeTmp“ wird verlassen
make: *** [Makefile:127: cmTC_f82ed/fast] Fehler 2


Source file was:
#include <pthread.h>

static void* test_func(void* data)
{
  return data;
}

int main(void)
{
  pthread_t thread;
  pthread_create(&thread, NULL, test_func, NULL);
  pthread_detach(thread);
  pthread_cancel(thread);
  pthread_join(thread, NULL);
  pthread_atfork(NULL, NULL, NULL);
  pthread_exit(NULL);

  return 0;
}

